<?xml version="1.0" encoding="UTF-8"?>
<!-- Generated by org.testng.reporters.JUnitReportReporter -->
<testsuite skipped="0" hostname="D-184003222" name="com.wipro.chcare.ccc.openCart005_GiftVoucher" tests="3" failures="0" timestamp="14 Feb 2018 07:45:36 GMT" time="41.411" errors="0">
  <testcase name="Gift_Vouchers" time="39.168" classname="com.wipro.chcare.ccc.openCart005_GiftVoucher"/>
  <testcase name="loginapp" time="0.685" classname="com.wipro.chcare.ccc.openCart005_GiftVoucher"/>
  <testcase name="openApp" time="1.558" classname="com.wipro.chcare.ccc.openCart005_GiftVoucher"/>
</testsuite> <!-- com.wipro.chcare.ccc.openCart005_GiftVoucher -->
