<?xml version="1.0" encoding="UTF-8"?>
<!-- Generated by org.testng.reporters.JUnitReportReporter -->
<testsuite skipped="0" hostname="D-184003222" name="com.wipro.chcare.ccc.openCart001_Registration" tests="5" failures="0" timestamp="15 Feb 2018 05:51:51 GMT" time="42.023" errors="0">
  <testcase name="reviewProd" time="8.966" classname="com.wipro.chcare.ccc.openCart001_Registration"/>
  <testcase name="registration" time="5.914" classname="com.wipro.chcare.ccc.openCart001_Registration"/>
  <testcase name="openApp" time="1.280" classname="com.wipro.chcare.ccc.openCart001_Registration"/>
  <testcase name="reviewProd" time="13.397" classname="com.wipro.chcare.ccc.openCart001_Registration"/>
  <testcase name="addToWishList" time="12.466" classname="com.wipro.chcare.ccc.openCart001_Registration"/>
</testsuite> <!-- com.wipro.chcare.ccc.openCart001_Registration -->
