<?xml version="1.0" encoding="UTF-8"?>
<!-- Generated by org.testng.reporters.JUnitReportReporter -->
<testsuite skipped="0" hostname="D-184003222" name="com.wipro.chcare.ccc.openCart003_ProductComparison" tests="2" failures="0" timestamp="15 Feb 2018 05:56:29 GMT" time="104.560" errors="0">
  <testcase name="openApp" time="1.839" classname="com.wipro.chcare.ccc.openCart003_ProductComparison"/>
  <testcase name="productComparison" time="102.721" classname="com.wipro.chcare.ccc.openCart003_ProductComparison"/>
</testsuite> <!-- com.wipro.chcare.ccc.openCart003_ProductComparison -->
